c:\users\hmalek01\downloads\lab_lighting\teapotad\teapotad\x64\debug\teapotad.pch
c:\users\hmalek01\downloads\lab_lighting\teapotad\teapotad\x64\debug\vc141.pdb
c:\users\hmalek01\downloads\lab_lighting\teapotad\teapotad\x64\debug\vc141.idb
c:\users\hmalek01\downloads\lab_lighting\teapotad\teapotad\x64\debug\stdafx.obj
c:\users\hmalek01\downloads\lab_lighting\teapotad\teapotad\x64\debug\vboteapot.obj
c:\users\hmalek01\downloads\lab_lighting\teapotad\teapotad\x64\debug\vboplane.obj
c:\users\hmalek01\downloads\lab_lighting\teapotad\teapotad\x64\debug\texture.obj
c:\users\hmalek01\downloads\lab_lighting\teapotad\teapotad\x64\debug\teapotad.obj
c:\users\hmalek01\downloads\lab_lighting\teapotad\teapotad\x64\debug\scenediffuse.obj
c:\users\hmalek01\downloads\lab_lighting\teapotad\teapotad\x64\debug\quatcamera.obj
c:\users\hmalek01\downloads\lab_lighting\teapotad\teapotad\x64\debug\gl_core_4_3.obj
c:\users\hmalek01\downloads\lab_lighting\teapotad\teapotad\x64\debug\glutils.obj
c:\users\hmalek01\downloads\lab_lighting\teapotad\teapotad\x64\debug\glslprogram.obj
c:\users\hmalek01\downloads\lab_lighting\teapotad\teapotad\x64\debug\drawable.obj
c:\users\hmalek01\downloads\lab_lighting\teapotad\teapotad\x64\debug\bitmap.obj
c:\users\hmalek01\downloads\lab_lighting\teapotad\x64\debug\teapotad.ilk
c:\users\hmalek01\downloads\lab_lighting\teapotad\x64\debug\teapotad.exe
c:\users\hmalek01\downloads\lab_lighting\teapotad\x64\debug\teapotad.pdb
c:\users\hmalek01\downloads\lab_lighting\teapotad\teapotad\x64\debug\teapotad.tlog\cl.command.1.tlog
c:\users\hmalek01\downloads\lab_lighting\teapotad\teapotad\x64\debug\teapotad.tlog\cl.read.1.tlog
c:\users\hmalek01\downloads\lab_lighting\teapotad\teapotad\x64\debug\teapotad.tlog\cl.write.1.tlog
c:\users\hmalek01\downloads\lab_lighting\teapotad\teapotad\x64\debug\teapotad.tlog\link.command.1.tlog
c:\users\hmalek01\downloads\lab_lighting\teapotad\teapotad\x64\debug\teapotad.tlog\link.read.1.tlog
c:\users\hmalek01\downloads\lab_lighting\teapotad\teapotad\x64\debug\teapotad.tlog\link.write.1.tlog
